<?xml version="1.0" encoding="utf-8"?><testsuites name="pytest tests"><testsuite name="pytest" errors="0" failures="0" skipped="0" tests="27" time="2.816" timestamp="2026-07-21T13:17:55.457340+05:30" hostname="agent-env-29315a89-4969-4cf4-aab4-5e79f3582306"><testcase classname="tests.test_capital_bugfixes" name="test_bug1_window_gate_blocks_offmarket_fetch" time="0.000" /><testcase classname="tests.test_capital_bugfixes" name="test_bug2_starting_capital_reconstructed_when_position_open" time="0.000" /><testcase classname="tests.test_capital_bugfixes" name="test_bug2_persisted_capital_start_is_respected" time="0.000" /><testcase classname="tests.test_fx04" name="test_fx04_squareoff_state" time="1.822" /><testcase classname="tests.test_fx05" name="test_fx05_dual_track_reporting" time="0.022" /><testcase classname="tests.test_fx06" name="test_fx06" time="0.041" /><testcase classname="tests.test_m4_features.TestM4Features" name="test_min_hold_time_filter" time="0.006" /><testcase classname="tests.test_m4_features.TestM4Features" name="test_reentry_cap_filter" time="0.004" /><testcase classname="tests.test_m4_features.TestM4Features" name="test_signal_generator_variants" time="0.015" /><testcase classname="tests.test_multi_timeframe_runner_robustness.TestMultiTimeframeRunnerRobustness" name="test_report_generation" time="0.113" /><testcase classname="tests.test_multi_timeframe_runner_robustness.TestMultiTimeframeRunnerRobustness" name="test_runner_handles_empty_dataframes" time="0.209" /><testcase classname="tests.test_multi_timeframe_runner_robustness.TestMultiTimeframeRunnerRobustness" name="test_runner_handles_few_data_points_slicing" time="0.124" /><testcase classname="tests.test_ws_capital_hardening" name="test_fixC_negative_net_is_valid" time="0.000" /><testcase classname="tests.test_ws_capital_hardening" name="test_fixC_broken_payload_counts_as_failure" time="0.000" /><testcase classname="tests.test_ws_capital_hardening" name="test_fixD_stale_epoch_close_ignored" time="0.000" /><testcase classname="tests.test_ws_capital_hardening" name="test_fixD_force_reconnect_throttled" time="0.000" /><testcase classname="tests_agent.test_bugfixes_verification.TestBug1CognitiveCycleScheduling" name="test_constants_are_pm" time="0.001" /><testcase classname="tests_agent.test_bugfixes_verification.TestBug1CognitiveCycleScheduling" name="test_should_run_at_10_00_am_returns_true" time="0.000" /><testcase classname="tests_agent.test_bugfixes_verification.TestBug1CognitiveCycleScheduling" name="test_should_run_at_09_30_am_returns_true_first_cycle" time="0.000" /><testcase classname="tests_agent.test_bugfixes_verification.TestBug1CognitiveCycleScheduling" name="test_should_not_run_at_15_20_pm" time="0.001" /><testcase classname="tests_agent.test_bugfixes_verification.TestBug1CognitiveCycleScheduling" name="test_should_not_run_at_09_00_am" time="0.000" /><testcase classname="tests_agent.test_bugfixes_verification.TestBug1CognitiveCycleScheduling" name="test_should_run_at_15_15_last_cycle" time="0.000" /><testcase classname="tests_agent.test_bugfixes_verification.TestBug2MacdHistBounce" name="test_condition_runs_after_build_indicators" time="0.006" /><testcase classname="tests_agent.test_bugfixes_verification.TestBug3StreakClose10" name="test_only_one_definition_exists" time="0.003" /><testcase classname="tests_agent.test_bugfixes_verification.TestBug3StreakClose10" name="test_condition_does_not_fire_when_prev_candle_is_high" time="0.001" /><testcase classname="tests_agent.test_bugfixes_verification.TestBug3StreakClose10" name="test_condition_fires_when_current_close_is_true_breakout" time="0.001" /><testcase classname="tests_agent.test_bugfixes_verification.TestSanityCompile" name="test_all_modules_compile" time="0.081" /></testsuite></testsuites>